This file contains any messages produced by compilers while
running configure, to aid debugging if configure makes a mistake.

It was created by xboard configure 4.5.3a, which was
generated by GNU Autoconf 2.68.  Invocation command line was

  $ ./configure --x-includes=/usr/include --x-libraries=/usr/lib64 --enable-zippy

## --------- ##
## Platform. ##
## --------- ##

hostname = localhost.edinburgh.lane
uname -m = x86_64
uname -r = 3.17.4-301.fc21.x86_64
uname -s = Linux
uname -v = #1 SMP Thu Nov 27 19:09:10 UTC 2014

/usr/bin/uname -p = x86_64
/bin/uname -X     = unknown

/bin/arch              = x86_64
/usr/bin/arch -k       = unknown
/usr/convex/getsysinfo = unknown
/usr/bin/hostinfo      = unknown
/bin/machine           = unknown
/usr/bin/oslevel       = unknown
/bin/universe          = unknown

PATH: /usr/local/bin
PATH: /usr/local/sbin
PATH: /usr/bin
PATH: /usr/sbin
PATH: /bin
PATH: /sbin
PATH: /home/jrotter/.local/bin
PATH: /home/jrotter/bin


## ----------- ##
## Core tests. ##
## ----------- ##

configure:2220: checking for a BSD-compatible install
configure:2288: result: /usr/bin/install -c
configure:2299: checking whether build environment is sane
configure:2349: result: yes
configure:2490: checking for a thread-safe mkdir -p
configure:2529: result: /usr/bin/mkdir -p
configure:2542: checking for gawk
configure:2558: found /usr/bin/gawk
configure:2569: result: gawk
configure:2580: checking whether make sets $(MAKE)
configure:2602: result: yes
configure:2774: checking for gcc
configure:2790: found /usr/bin/gcc
configure:2801: result: gcc
configure:3030: checking for C compiler version
configure:3039: gcc --version >&5
gcc (GCC) 4.9.2 20141101 (Red Hat 4.9.2-1)
Copyright (C) 2014 Free Software Foundation, Inc.
This is free software; see the source for copying conditions.  There is NO
warranty; not even for MERCHANTABILITY or FITNESS FOR A PARTICULAR PURPOSE.

configure:3050: $? = 0
configure:3039: gcc -v >&5
Using built-in specs.
COLLECT_GCC=gcc
COLLECT_LTO_WRAPPER=/usr/libexec/gcc/x86_64-redhat-linux/4.9.2/lto-wrapper
Target: x86_64-redhat-linux
Configured with: ../configure --prefix=/usr --mandir=/usr/share/man --infodir=/usr/share/info --with-bugurl=http://bugzilla.redhat.com/bugzilla --enable-bootstrap --enable-shared --enable-threads=posix --enable-checking=release --enable-multilib --with-system-zlib --enable-__cxa_atexit --disable-libunwind-exceptions --enable-gnu-unique-object --enable-linker-build-id --with-linker-hash-style=gnu --enable-languages=c,c++,objc,obj-c++,fortran,ada,go,lto --enable-plugin --enable-initfini-array --disable-libgcj --with-isl=/builddir/build/BUILD/gcc-4.9.2-20141101/obj-x86_64-redhat-linux/isl-install --with-cloog=/builddir/build/BUILD/gcc-4.9.2-20141101/obj-x86_64-redhat-linux/cloog-install --enable-gnu-indirect-function --with-tune=generic --with-arch_32=i686 --build=x86_64-redhat-linux
Thread model: posix
gcc version 4.9.2 20141101 (Red Hat 4.9.2-1) (GCC) 
configure:3050: $? = 0
configure:3039: gcc -V >&5
gcc: error: unrecognized command line option '-V'
gcc: fatal error: no input files
compilation terminated.
configure:3050: $? = 4
configure:3039: gcc -qversion >&5
gcc: error: unrecognized command line option '-qversion'
gcc: fatal error: no input files
compilation terminated.
configure:3050: $? = 4
configure:3070: checking whether the C compiler works
configure:3092: gcc     conftest.c  >&5
configure:3096: $? = 0
configure:3144: result: yes
configure:3147: checking for C compiler default output file name
configure:3149: result: a.out
configure:3155: checking for suffix of executables
configure:3162: gcc -o conftest     conftest.c  >&5
configure:3166: $? = 0
configure:3188: result: 
configure:3210: checking whether we are cross compiling
configure:3218: gcc -o conftest     conftest.c  >&5
configure:3222: $? = 0
configure:3229: ./conftest
configure:3233: $? = 0
configure:3248: result: no
configure:3253: checking for suffix of object files
configure:3275: gcc -c    conftest.c >&5
configure:3279: $? = 0
configure:3300: result: o
configure:3304: checking whether we are using the GNU C compiler
configure:3323: gcc -c    conftest.c >&5
configure:3323: $? = 0
configure:3332: result: yes
configure:3341: checking whether gcc accepts -g
configure:3361: gcc -c -g  conftest.c >&5
configure:3361: $? = 0
configure:3402: result: yes
configure:3419: checking for gcc option to accept ISO C89
configure:3483: gcc  -c    conftest.c >&5
configure:3483: $? = 0
configure:3496: result: none needed
configure:3527: checking for style of include used by make
configure:3555: result: GNU
configure:3580: checking dependency style of gcc
configure:3690: result: gcc3
configure:3707: checking whether gcc and cc understand -c and -o together
configure:3738: gcc -c conftest.c -o conftest2.o >&5
configure:3742: $? = 0
configure:3748: gcc -c conftest.c -o conftest2.o >&5
configure:3752: $? = 0
configure:3763: cc -c conftest.c >&5
configure:3767: $? = 0
configure:3775: cc -c conftest.c -o conftest2.o >&5
configure:3779: $? = 0
configure:3785: cc -c conftest.c -o conftest2.o >&5
configure:3789: $? = 0
configure:3807: result: yes
configure:3838: checking how to run the C preprocessor
configure:3869: gcc -E  conftest.c
configure:3869: $? = 0
configure:3883: gcc -E  conftest.c
conftest.c:11:28: fatal error: ac_nonexistent.h: No such file or directory
 #include <ac_nonexistent.h>
                            ^
compilation terminated.
configure:3883: $? = 1
configure: failed program was:
| /* confdefs.h */
| #define PACKAGE_NAME "xboard"
| #define PACKAGE_TARNAME "xboard"
| #define PACKAGE_VERSION "4.5.3a"
| #define PACKAGE_STRING "xboard 4.5.3a"
| #define PACKAGE_BUGREPORT "bug-xboard@gnu.org"
| #define PACKAGE_URL ""
| #define PACKAGE "xboard"
| #define VERSION "4.5.3a"
| /* end confdefs.h.  */
| #include <ac_nonexistent.h>
configure:3908: result: gcc -E
configure:3928: gcc -E  conftest.c
configure:3928: $? = 0
configure:3942: gcc -E  conftest.c
conftest.c:11:28: fatal error: ac_nonexistent.h: No such file or directory
 #include <ac_nonexistent.h>
                            ^
compilation terminated.
configure:3942: $? = 1
configure: failed program was:
| /* confdefs.h */
| #define PACKAGE_NAME "xboard"
| #define PACKAGE_TARNAME "xboard"
| #define PACKAGE_VERSION "4.5.3a"
| #define PACKAGE_STRING "xboard 4.5.3a"
| #define PACKAGE_BUGREPORT "bug-xboard@gnu.org"
| #define PACKAGE_URL ""
| #define PACKAGE "xboard"
| #define VERSION "4.5.3a"
| /* end confdefs.h.  */
| #include <ac_nonexistent.h>
configure:3971: checking for library containing strerror
configure:4002: gcc -o conftest     conftest.c  >&5
configure:4002: $? = 0
configure:4019: result: none required
configure:4033: checking for flex
configure:4063: result: no
configure:4033: checking for lex
configure:4063: result: no
configure:4200: checking for remsh
configure:4230: result: no
configure:4200: checking for rsh
configure:4230: result: no
configure:4243: checking for makeinfo
configure:4259: found /usr/bin/makeinfo
configure:4270: result: makeinfo
configure:4292: checking for nroff
configure:4308: found /usr/bin/nroff
configure:4320: result: nroff -man
configure:4333: checking for awk
configure:4351: found /usr/bin/awk
configure:4363: result: /usr/bin/awk
configure:4378: checking for perl
configure:4396: found /usr/bin/perl
configure:4408: result: /usr/bin/perl
configure:4421: checking for grep that handles long lines and -e
configure:4479: result: /usr/bin/grep
configure:4484: checking for egrep
configure:4546: result: /usr/bin/grep -E
configure:4551: checking for ANSI C header files
configure:4571: gcc -c    conftest.c >&5
configure:4571: $? = 0
configure:4644: gcc -o conftest     conftest.c  >&5
configure:4644: $? = 0
configure:4644: ./conftest
configure:4644: $? = 0
configure:4655: result: yes
configure:4663: checking whether time.h and sys/time.h may both be included
configure:4683: gcc -c    conftest.c >&5
configure:4683: $? = 0
configure:4690: result: yes
configure:4698: checking for sys/wait.h that is POSIX.1 compatible
configure:4724: gcc -c    conftest.c >&5
configure:4724: $? = 0
configure:4731: result: yes
configure:4742: checking for dirent.h that defines DIR
configure:4761: gcc -c    conftest.c >&5
configure:4761: $? = 0
configure:4769: result: yes
configure:4782: checking for library containing opendir
configure:4813: gcc -o conftest     conftest.c  >&5
configure:4813: $? = 0
configure:4830: result: none required
configure:4897: checking return type of signal handlers
configure:4915: gcc -c    conftest.c >&5
conftest.c: In function 'main':
conftest.c:22:1: error: void value not ignored as it ought to be
 return *(signal (0, 0)) (0) == 1;
 ^
configure:4915: $? = 1
configure: failed program was:
| /* confdefs.h */
| #define PACKAGE_NAME "xboard"
| #define PACKAGE_TARNAME "xboard"
| #define PACKAGE_VERSION "4.5.3a"
| #define PACKAGE_STRING "xboard 4.5.3a"
| #define PACKAGE_BUGREPORT "bug-xboard@gnu.org"
| #define PACKAGE_URL ""
| #define PACKAGE "xboard"
| #define VERSION "4.5.3a"
| #define REMOTE_SHELL "rsh"
| #define STDC_HEADERS 1
| #define TIME_WITH_SYS_TIME 1
| #define HAVE_SYS_WAIT_H 1
| #define HAVE_DIRENT_H 1
| /* end confdefs.h.  */
| #include <sys/types.h>
| #include <signal.h>
| 
| int
| main ()
| {
| return *(signal (0, 0)) (0) == 1;
|   ;
|   return 0;
| }
configure:4922: result: void
configure:4935: checking for sys/types.h
configure:4935: gcc -c    conftest.c >&5
configure:4935: $? = 0
configure:4935: result: yes
configure:4935: checking for sys/stat.h
configure:4935: gcc -c    conftest.c >&5
configure:4935: $? = 0
configure:4935: result: yes
configure:4935: checking for stdlib.h
configure:4935: gcc -c    conftest.c >&5
configure:4935: $? = 0
configure:4935: result: yes
configure:4935: checking for string.h
configure:4935: gcc -c    conftest.c >&5
configure:4935: $? = 0
configure:4935: result: yes
configure:4935: checking for memory.h
configure:4935: gcc -c    conftest.c >&5
configure:4935: $? = 0
configure:4935: result: yes
configure:4935: checking for strings.h
configure:4935: gcc -c    conftest.c >&5
configure:4935: $? = 0
configure:4935: result: yes
configure:4935: checking for inttypes.h
configure:4935: gcc -c    conftest.c >&5
configure:4935: $? = 0
configure:4935: result: yes
configure:4935: checking for stdint.h
configure:4935: gcc -c    conftest.c >&5
configure:4935: $? = 0
configure:4935: result: yes
configure:4935: checking for unistd.h
configure:4935: gcc -c    conftest.c >&5
configure:4935: $? = 0
configure:4935: result: yes
configure:4950: checking stropts.h usability
configure:4950: gcc -c    conftest.c >&5
conftest.c:59:21: fatal error: stropts.h: No such file or directory
 #include <stropts.h>
                     ^
compilation terminated.
configure:4950: $? = 1
configure: failed program was:
| /* confdefs.h */
| #define PACKAGE_NAME "xboard"
| #define PACKAGE_TARNAME "xboard"
| #define PACKAGE_VERSION "4.5.3a"
| #define PACKAGE_STRING "xboard 4.5.3a"
| #define PACKAGE_BUGREPORT "bug-xboard@gnu.org"
| #define PACKAGE_URL ""
| #define PACKAGE "xboard"
| #define VERSION "4.5.3a"
| #define REMOTE_SHELL "rsh"
| #define STDC_HEADERS 1
| #define TIME_WITH_SYS_TIME 1
| #define HAVE_SYS_WAIT_H 1
| #define HAVE_DIRENT_H 1
| #define RETSIGTYPE void
| #define HAVE_SYS_TYPES_H 1
| #define HAVE_SYS_STAT_H 1
| #define HAVE_STDLIB_H 1
| #define HAVE_STRING_H 1
| #define HAVE_MEMORY_H 1
| #define HAVE_STRINGS_H 1
| #define HAVE_INTTYPES_H 1
| #define HAVE_STDINT_H 1
| #define HAVE_UNISTD_H 1
| /* end confdefs.h.  */
| #include <stdio.h>
| #ifdef HAVE_SYS_TYPES_H
| # include <sys/types.h>
| #endif
| #ifdef HAVE_SYS_STAT_H
| # include <sys/stat.h>
| #endif
| #ifdef STDC_HEADERS
| # include <stdlib.h>
| # include <stddef.h>
| #else
| # ifdef HAVE_STDLIB_H
| #  include <stdlib.h>
| # endif
| #endif
| #ifdef HAVE_STRING_H
| # if !defined STDC_HEADERS && defined HAVE_MEMORY_H
| #  include <memory.h>
| # endif
| # include <string.h>
| #endif
| #ifdef HAVE_STRINGS_H
| # include <strings.h>
| #endif
| #ifdef HAVE_INTTYPES_H
| # include <inttypes.h>
| #endif
| #ifdef HAVE_STDINT_H
| # include <stdint.h>
| #endif
| #ifdef HAVE_UNISTD_H
| # include <unistd.h>
| #endif
| #include <stropts.h>
configure:4950: result: no
configure:4950: checking stropts.h presence
configure:4950: gcc -E  conftest.c
conftest.c:26:21: fatal error: stropts.h: No such file or directory
 #include <stropts.h>
                     ^
compilation terminated.
configure:4950: $? = 1
configure: failed program was:
| /* confdefs.h */
| #define PACKAGE_NAME "xboard"
| #define PACKAGE_TARNAME "xboard"
| #define PACKAGE_VERSION "4.5.3a"
| #define PACKAGE_STRING "xboard 4.5.3a"
| #define PACKAGE_BUGREPORT "bug-xboard@gnu.org"
| #define PACKAGE_URL ""
| #define PACKAGE "xboard"
| #define VERSION "4.5.3a"
| #define REMOTE_SHELL "rsh"
| #define STDC_HEADERS 1
| #define TIME_WITH_SYS_TIME 1
| #define HAVE_SYS_WAIT_H 1
| #define HAVE_DIRENT_H 1
| #define RETSIGTYPE void
| #define HAVE_SYS_TYPES_H 1
| #define HAVE_SYS_STAT_H 1
| #define HAVE_STDLIB_H 1
| #define HAVE_STRING_H 1
| #define HAVE_MEMORY_H 1
| #define HAVE_STRINGS_H 1
| #define HAVE_INTTYPES_H 1
| #define HAVE_STDINT_H 1
| #define HAVE_UNISTD_H 1
| /* end confdefs.h.  */
| #include <stropts.h>
configure:4950: result: no
configure:4950: checking for stropts.h
configure:4950: result: no
configure:4950: checking sys/time.h usability
configure:4950: gcc -c    conftest.c >&5
configure:4950: $? = 0
configure:4950: result: yes
configure:4950: checking sys/time.h presence
configure:4950: gcc -E  conftest.c
configure:4950: $? = 0
configure:4950: result: yes
configure:4950: checking for sys/time.h
configure:4950: result: yes
configure:4950: checking for string.h
configure:4950: result: yes
configure:4950: checking for unistd.h
configure:4950: result: yes
configure:4950: checking sys/systeminfo.h usability
configure:4950: gcc -c    conftest.c >&5
conftest.c:62:28: fatal error: sys/systeminfo.h: No such file or directory
 #include <sys/systeminfo.h>
                            ^
compilation terminated.
configure:4950: $? = 1
configure: failed program was:
| /* confdefs.h */
| #define PACKAGE_NAME "xboard"
| #define PACKAGE_TARNAME "xboard"
| #define PACKAGE_VERSION "4.5.3a"
| #define PACKAGE_STRING "xboard 4.5.3a"
| #define PACKAGE_BUGREPORT "bug-xboard@gnu.org"
| #define PACKAGE_URL ""
| #define PACKAGE "xboard"
| #define VERSION "4.5.3a"
| #define REMOTE_SHELL "rsh"
| #define STDC_HEADERS 1
| #define TIME_WITH_SYS_TIME 1
| #define HAVE_SYS_WAIT_H 1
| #define HAVE_DIRENT_H 1
| #define RETSIGTYPE void
| #define HAVE_SYS_TYPES_H 1
| #define HAVE_SYS_STAT_H 1
| #define HAVE_STDLIB_H 1
| #define HAVE_STRING_H 1
| #define HAVE_MEMORY_H 1
| #define HAVE_STRINGS_H 1
| #define HAVE_INTTYPES_H 1
| #define HAVE_STDINT_H 1
| #define HAVE_UNISTD_H 1
| #define HAVE_SYS_TIME_H 1
| #define HAVE_STRING_H 1
| #define HAVE_UNISTD_H 1
| /* end confdefs.h.  */
| #include <stdio.h>
| #ifdef HAVE_SYS_TYPES_H
| # include <sys/types.h>
| #endif
| #ifdef HAVE_SYS_STAT_H
| # include <sys/stat.h>
| #endif
| #ifdef STDC_HEADERS
| # include <stdlib.h>
| # include <stddef.h>
| #else
| # ifdef HAVE_STDLIB_H
| #  include <stdlib.h>
| # endif
| #endif
| #ifdef HAVE_STRING_H
| # if !defined STDC_HEADERS && defined HAVE_MEMORY_H
| #  include <memory.h>
| # endif
| # include <string.h>
| #endif
| #ifdef HAVE_STRINGS_H
| # include <strings.h>
| #endif
| #ifdef HAVE_INTTYPES_H
| # include <inttypes.h>
| #endif
| #ifdef HAVE_STDINT_H
| # include <stdint.h>
| #endif
| #ifdef HAVE_UNISTD_H
| # include <unistd.h>
| #endif
| #include <sys/systeminfo.h>
configure:4950: result: no
configure:4950: checking sys/systeminfo.h presence
configure:4950: gcc -E  conftest.c
conftest.c:29:28: fatal error: sys/systeminfo.h: No such file or directory
 #include <sys/systeminfo.h>
                            ^
compilation terminated.
configure:4950: $? = 1
configure: failed program was:
| /* confdefs.h */
| #define PACKAGE_NAME "xboard"
| #define PACKAGE_TARNAME "xboard"
| #define PACKAGE_VERSION "4.5.3a"
| #define PACKAGE_STRING "xboard 4.5.3a"
| #define PACKAGE_BUGREPORT "bug-xboard@gnu.org"
| #define PACKAGE_URL ""
| #define PACKAGE "xboard"
| #define VERSION "4.5.3a"
| #define REMOTE_SHELL "rsh"
| #define STDC_HEADERS 1
| #define TIME_WITH_SYS_TIME 1
| #define HAVE_SYS_WAIT_H 1
| #define HAVE_DIRENT_H 1
| #define RETSIGTYPE void
| #define HAVE_SYS_TYPES_H 1
| #define HAVE_SYS_STAT_H 1
| #define HAVE_STDLIB_H 1
| #define HAVE_STRING_H 1
| #define HAVE_MEMORY_H 1
| #define HAVE_STRINGS_H 1
| #define HAVE_INTTYPES_H 1
| #define HAVE_STDINT_H 1
| #define HAVE_UNISTD_H 1
| #define HAVE_SYS_TIME_H 1
| #define HAVE_STRING_H 1
| #define HAVE_UNISTD_H 1
| /* end confdefs.h.  */
| #include <sys/systeminfo.h>
configure:4950: result: no
configure:4950: checking for sys/systeminfo.h
configure:4950: result: no
configure:4963: checking fcntl.h usability
configure:4963: gcc -c    conftest.c >&5
configure:4963: $? = 0
configure:4963: result: yes
configure:4963: checking fcntl.h presence
configure:4963: gcc -E  conftest.c
configure:4963: $? = 0
configure:4963: result: yes
configure:4963: checking for fcntl.h
configure:4963: result: yes
configure:4976: checking sys/socket.h usability
configure:4976: gcc -c    conftest.c >&5
configure:4976: $? = 0
configure:4976: result: yes
configure:4976: checking sys/socket.h presence
configure:4976: gcc -E  conftest.c
configure:4976: $? = 0
configure:4976: result: yes
configure:4976: checking for sys/socket.h
configure:4976: result: yes
configure:4986: checking stddef.h usability
configure:4986: gcc -c    conftest.c >&5
configure:4986: $? = 0
configure:4986: result: yes
configure:4986: checking stddef.h presence
configure:4986: gcc -E  conftest.c
configure:4986: $? = 0
configure:4986: result: yes
configure:4986: checking for stddef.h
configure:4986: result: yes
configure:4999: checking for _getpty
configure:4999: gcc -o conftest     conftest.c  >&5
/tmp/cc1O7ing.o: In function `main':
conftest.c:(.text+0xa): undefined reference to `_getpty'
collect2: error: ld returned 1 exit status
configure:4999: $? = 1
configure: failed program was:
| /* confdefs.h */
| #define PACKAGE_NAME "xboard"
| #define PACKAGE_TARNAME "xboard"
| #define PACKAGE_VERSION "4.5.3a"
| #define PACKAGE_STRING "xboard 4.5.3a"
| #define PACKAGE_BUGREPORT "bug-xboard@gnu.org"
| #define PACKAGE_URL ""
| #define PACKAGE "xboard"
| #define VERSION "4.5.3a"
| #define REMOTE_SHELL "rsh"
| #define STDC_HEADERS 1
| #define TIME_WITH_SYS_TIME 1
| #define HAVE_SYS_WAIT_H 1
| #define HAVE_DIRENT_H 1
| #define RETSIGTYPE void
| #define HAVE_SYS_TYPES_H 1
| #define HAVE_SYS_STAT_H 1
| #define HAVE_STDLIB_H 1
| #define HAVE_STRING_H 1
| #define HAVE_MEMORY_H 1
| #define HAVE_STRINGS_H 1
| #define HAVE_INTTYPES_H 1
| #define HAVE_STDINT_H 1
| #define HAVE_UNISTD_H 1
| #define HAVE_SYS_TIME_H 1
| #define HAVE_STRING_H 1
| #define HAVE_UNISTD_H 1
| #define HAVE_FCNTL_H 1
| #define HAVE_SYS_SOCKET_H 1
| /* end confdefs.h.  */
| /* Define _getpty to an innocuous variant, in case <limits.h> declares _getpty.
|    For example, HP-UX 11i <limits.h> declares gettimeofday.  */
| #define _getpty innocuous__getpty
| 
| /* System header to define __stub macros and hopefully few prototypes,
|     which can conflict with char _getpty (); below.
|     Prefer <limits.h> to <assert.h> if __STDC__ is defined, since
|     <limits.h> exists even on freestanding compilers.  */
| 
| #ifdef __STDC__
| # include <limits.h>
| #else
| # include <assert.h>
| #endif
| 
| #undef _getpty
| 
| /* Override any GCC internal prototype to avoid an error.
|    Use char because int might match the return type of a GCC
|    builtin and then its argument prototype would still apply.  */
| #ifdef __cplusplus
| extern "C"
| #endif
| char _getpty ();
| /* The GNU C library defines this for functions which it implements
|     to always fail with ENOSYS.  Some functions are actually named
|     something starting with __ and the normal name is an alias.  */
| #if defined __stub__getpty || defined __stub____getpty
| choke me
| #endif
| 
| int
| main ()
| {
| return _getpty ();
|   ;
|   return 0;
| }
configure:4999: result: no
configure:4999: checking for grantpt
configure:4999: gcc -o conftest     conftest.c  >&5
configure:4999: $? = 0
configure:4999: result: yes
configure:4999: checking for setitimer
configure:4999: gcc -o conftest     conftest.c  >&5
configure:4999: $? = 0
configure:4999: result: yes
configure:4999: checking for usleep
configure:4999: gcc -o conftest     conftest.c  >&5
configure:4999: $? = 0
configure:4999: result: yes
configure:5011: checking for gettimeofday
configure:5011: gcc -o conftest     conftest.c  >&5
configure:5011: $? = 0
configure:5011: result: yes
configure:5023: checking for random
configure:5023: gcc -o conftest     conftest.c  >&5
configure:5023: $? = 0
configure:5023: result: yes
configure:5035: checking for gethostname
configure:5035: gcc -o conftest     conftest.c  >&5
configure:5035: $? = 0
configure:5035: result: yes
configure:5044: checking for setlocale
configure:5044: gcc -o conftest     conftest.c  >&5
configure:5044: $? = 0
configure:5044: result: yes
configure:5099: checking for getpseudotty in -lseq
configure:5124: gcc -o conftest     conftest.c -lseq   >&5
/usr/bin/ld: cannot find -lseq
collect2: error: ld returned 1 exit status
configure:5124: $? = 1
configure: failed program was:
| /* confdefs.h */
| #define PACKAGE_NAME "xboard"
| #define PACKAGE_TARNAME "xboard"
| #define PACKAGE_VERSION "4.5.3a"
| #define PACKAGE_STRING "xboard 4.5.3a"
| #define PACKAGE_BUGREPORT "bug-xboard@gnu.org"
| #define PACKAGE_URL ""
| #define PACKAGE "xboard"
| #define VERSION "4.5.3a"
| #define REMOTE_SHELL "rsh"
| #define STDC_HEADERS 1
| #define TIME_WITH_SYS_TIME 1
| #define HAVE_SYS_WAIT_H 1
| #define HAVE_DIRENT_H 1
| #define RETSIGTYPE void
| #define HAVE_SYS_TYPES_H 1
| #define HAVE_SYS_STAT_H 1
| #define HAVE_STDLIB_H 1
| #define HAVE_STRING_H 1
| #define HAVE_MEMORY_H 1
| #define HAVE_STRINGS_H 1
| #define HAVE_INTTYPES_H 1
| #define HAVE_STDINT_H 1
| #define HAVE_UNISTD_H 1
| #define HAVE_SYS_TIME_H 1
| #define HAVE_STRING_H 1
| #define HAVE_UNISTD_H 1
| #define HAVE_FCNTL_H 1
| #define HAVE_SYS_SOCKET_H 1
| #define HAVE_GRANTPT 1
| #define HAVE_SETITIMER 1
| #define HAVE_USLEEP 1
| #define HAVE_GETTIMEOFDAY 1
| #define HAVE_RANDOM 1
| #define HAVE_GETHOSTNAME 1
| /* end confdefs.h.  */
| 
| /* Override any GCC internal prototype to avoid an error.
|    Use char because int might match the return type of a GCC
|    builtin and then its argument prototype would still apply.  */
| #ifdef __cplusplus
| extern "C"
| #endif
| char getpseudotty ();
| int
| main ()
| {
| return getpseudotty ();
|   ;
|   return 0;
| }
configure:5133: result: no
configure:5146: checking for X
configure:5335: result: libraries /usr/lib64, headers /usr/include
configure:5355: checking whether -R must be followed by a space
configure:5371: gcc -o conftest     conftest.c  -R/usr/lib64 >&5
gcc: error: unrecognized command line option '-R'
configure:5371: $? = 1
configure: failed program was:
| /* confdefs.h */
| #define PACKAGE_NAME "xboard"
| #define PACKAGE_TARNAME "xboard"
| #define PACKAGE_VERSION "4.5.3a"
| #define PACKAGE_STRING "xboard 4.5.3a"
| #define PACKAGE_BUGREPORT "bug-xboard@gnu.org"
| #define PACKAGE_URL ""
| #define PACKAGE "xboard"
| #define VERSION "4.5.3a"
| #define REMOTE_SHELL "rsh"
| #define STDC_HEADERS 1
| #define TIME_WITH_SYS_TIME 1
| #define HAVE_SYS_WAIT_H 1
| #define HAVE_DIRENT_H 1
| #define RETSIGTYPE void
| #define HAVE_SYS_TYPES_H 1
| #define HAVE_SYS_STAT_H 1
| #define HAVE_STDLIB_H 1
| #define HAVE_STRING_H 1
| #define HAVE_MEMORY_H 1
| #define HAVE_STRINGS_H 1
| #define HAVE_INTTYPES_H 1
| #define HAVE_STDINT_H 1
| #define HAVE_UNISTD_H 1
| #define HAVE_SYS_TIME_H 1
| #define HAVE_STRING_H 1
| #define HAVE_UNISTD_H 1
| #define HAVE_FCNTL_H 1
| #define HAVE_SYS_SOCKET_H 1
| #define HAVE_GRANTPT 1
| #define HAVE_SETITIMER 1
| #define HAVE_USLEEP 1
| #define HAVE_GETTIMEOFDAY 1
| #define HAVE_RANDOM 1
| #define HAVE_GETHOSTNAME 1
| /* end confdefs.h.  */
| 
| int
| main ()
| {
| 
|   ;
|   return 0;
| }
configure:5388: gcc -o conftest     conftest.c  -R /usr/lib64 >&5
gcc: error: unrecognized command line option '-R'
configure:5388: $? = 1
configure: failed program was:
| /* confdefs.h */
| #define PACKAGE_NAME "xboard"
| #define PACKAGE_TARNAME "xboard"
| #define PACKAGE_VERSION "4.5.3a"
| #define PACKAGE_STRING "xboard 4.5.3a"
| #define PACKAGE_BUGREPORT "bug-xboard@gnu.org"
| #define PACKAGE_URL ""
| #define PACKAGE "xboard"
| #define VERSION "4.5.3a"
| #define REMOTE_SHELL "rsh"
| #define STDC_HEADERS 1
| #define TIME_WITH_SYS_TIME 1
| #define HAVE_SYS_WAIT_H 1
| #define HAVE_DIRENT_H 1
| #define RETSIGTYPE void
| #define HAVE_SYS_TYPES_H 1
| #define HAVE_SYS_STAT_H 1
| #define HAVE_STDLIB_H 1
| #define HAVE_STRING_H 1
| #define HAVE_MEMORY_H 1
| #define HAVE_STRINGS_H 1
| #define HAVE_INTTYPES_H 1
| #define HAVE_STDINT_H 1
| #define HAVE_UNISTD_H 1
| #define HAVE_SYS_TIME_H 1
| #define HAVE_STRING_H 1
| #define HAVE_UNISTD_H 1
| #define HAVE_FCNTL_H 1
| #define HAVE_SYS_SOCKET_H 1
| #define HAVE_GRANTPT 1
| #define HAVE_SETITIMER 1
| #define HAVE_USLEEP 1
| #define HAVE_GETTIMEOFDAY 1
| #define HAVE_RANDOM 1
| #define HAVE_GETHOSTNAME 1
| /* end confdefs.h.  */
| 
| int
| main ()
| {
| 
|   ;
|   return 0;
| }
configure:5393: result: neither works
configure:5434: gcc -o conftest     conftest.c   -L/usr/lib64 -lX11 >&5
configure:5434: $? = 0
configure:5532: checking for gethostbyname
configure:5532: gcc -o conftest     conftest.c  >&5
configure:5532: $? = 0
configure:5532: result: yes
configure:5629: checking for connect
configure:5629: gcc -o conftest     conftest.c  >&5
configure:5629: $? = 0
configure:5629: result: yes
configure:5678: checking for remove
configure:5678: gcc -o conftest     conftest.c  >&5
configure:5678: $? = 0
configure:5678: result: yes
configure:5727: checking for shmat
configure:5727: gcc -o conftest     conftest.c  >&5
configure:5727: $? = 0
configure:5727: result: yes
configure:5785: checking for IceConnectionNumber in -lICE
configure:5810: gcc -o conftest     -L/usr/lib64 conftest.c -lICE   >&5
configure:5810: $? = 0
configure:5819: result: yes
configure:5836: checking X11/Intrinsic.h usability
configure:5836: gcc -c    conftest.c >&5
configure:5836: $? = 0
configure:5836: result: yes
configure:5836: checking X11/Intrinsic.h presence
configure:5836: gcc -E  conftest.c
configure:5836: $? = 0
configure:5836: result: yes
configure:5836: checking for X11/Intrinsic.h
configure:5836: result: yes
configure:5910: checking X11/Xaw/Dialog.h usability
configure:5910: gcc -c    conftest.c >&5
configure:5910: $? = 0
configure:5910: result: yes
configure:5910: checking X11/Xaw/Dialog.h presence
configure:5910: gcc -E  conftest.c
configure:5910: $? = 0
configure:5910: result: yes
configure:5910: checking for X11/Xaw/Dialog.h
configure:5910: result: yes
configure:5931: checking build system type
configure:5945: result: x86_64-unknown-linux-gnu
configure:5965: checking host system type
configure:5978: result: x86_64-unknown-linux-gnu
configure:6160: checking X11/xpm.h usability
configure:6160: gcc -c    -I/usr/include   -I/usr/include conftest.c >&5
configure:6160: $? = 0
configure:6160: result: yes
configure:6160: checking X11/xpm.h presence
configure:6160: gcc -E   -I/usr/include conftest.c
configure:6160: $? = 0
configure:6160: result: yes
configure:6160: checking for X11/xpm.h
configure:6160: result: yes
configure:6174: checking for XpmReadFileToPixmap in -lXpm
configure:6199: gcc -o conftest     -I/usr/include   -L/usr/lib64 conftest.c -lXpm  -lSM -lICE -lX11   >&5
configure:6199: $? = 0
configure:6208: result: yes
configure:6224: checking whether ptys or pipes should be used
configure:6246: result: pipes
configure:6445: creating ./config.status

## ---------------------- ##
## Running config.status. ##
## ---------------------- ##

This file was extended by xboard config.status 4.5.3a, which was
generated by GNU Autoconf 2.68.  Invocation command line was

  CONFIG_FILES    = 
  CONFIG_HEADERS  = 
  CONFIG_LINKS    = 
  CONFIG_COMMANDS = 
  $ ./config.status 

on localhost.edinburgh.lane

config.status:915: creating Makefile
config.status:915: creating cmail
config.status:915: creating config.h
config.status:1096: config.h is unchanged
config.status:1144: executing depfiles commands
config.status:1144: executing test-stamp-h commands
config.status:1144: executing chmod-cmail commands

## ---------------- ##
## Cache variables. ##
## ---------------- ##

ac_cv_build=x86_64-unknown-linux-gnu
ac_cv_c_compiler_gnu=yes
ac_cv_env_CC_set=
ac_cv_env_CC_value=
ac_cv_env_CFLAGS_set=
ac_cv_env_CFLAGS_value=
ac_cv_env_CPPFLAGS_set=
ac_cv_env_CPPFLAGS_value=
ac_cv_env_CPP_set=
ac_cv_env_CPP_value=
ac_cv_env_LDFLAGS_set=
ac_cv_env_LDFLAGS_value=
ac_cv_env_LIBS_set=
ac_cv_env_LIBS_value=
ac_cv_env_XMKMF_set=
ac_cv_env_XMKMF_value=
ac_cv_env_build_alias_set=
ac_cv_env_build_alias_value=
ac_cv_env_host_alias_set=
ac_cv_env_host_alias_value=
ac_cv_env_target_alias_set=
ac_cv_env_target_alias_value=
ac_cv_func__getpty=no
ac_cv_func_connect=yes
ac_cv_func_gethostbyname=yes
ac_cv_func_gethostname=yes
ac_cv_func_gettimeofday=yes
ac_cv_func_grantpt=yes
ac_cv_func_random=yes
ac_cv_func_remove=yes
ac_cv_func_setitimer=yes
ac_cv_func_setlocale=yes
ac_cv_func_shmat=yes
ac_cv_func_usleep=yes
ac_cv_have_x='have_x=yes	ac_x_includes='\''/usr/include'\''	ac_x_libraries='\''/usr/lib64'\'''
ac_cv_header_X11_Intrinsic_h=yes
ac_cv_header_X11_Xaw_Dialog_h=yes
ac_cv_header_X11_xpm_h=yes
ac_cv_header_dirent_dirent_h=yes
ac_cv_header_fcntl_h=yes
ac_cv_header_inttypes_h=yes
ac_cv_header_memory_h=yes
ac_cv_header_stdc=yes
ac_cv_header_stddef_h=yes
ac_cv_header_stdint_h=yes
ac_cv_header_stdlib_h=yes
ac_cv_header_string_h=yes
ac_cv_header_strings_h=yes
ac_cv_header_stropts_h=no
ac_cv_header_sys_socket_h=yes
ac_cv_header_sys_stat_h=yes
ac_cv_header_sys_systeminfo_h=no
ac_cv_header_sys_time_h=yes
ac_cv_header_sys_types_h=yes
ac_cv_header_sys_wait_h=yes
ac_cv_header_time=yes
ac_cv_header_unistd_h=yes
ac_cv_host=x86_64-unknown-linux-gnu
ac_cv_lib_ICE_IceConnectionNumber=yes
ac_cv_lib_Xpm_XpmReadFileToPixmap=yes
ac_cv_lib_seq_getpseudotty=no
ac_cv_objext=o
ac_cv_path_AWKPATH=/usr/bin/awk
ac_cv_path_EGREP='/usr/bin/grep -E'
ac_cv_path_GREP=/usr/bin/grep
ac_cv_path_PERLPATH=/usr/bin/perl
ac_cv_path_install='/usr/bin/install -c'
ac_cv_path_mkdir=/usr/bin/mkdir
ac_cv_prog_AWK=gawk
ac_cv_prog_CPP='gcc -E'
ac_cv_prog_MINFO=makeinfo
ac_cv_prog_NROFF='nroff -man'
ac_cv_prog_ac_ct_CC=gcc
ac_cv_prog_cc_c89=
ac_cv_prog_cc_g=yes
ac_cv_prog_cc_gcc_c_o=yes
ac_cv_prog_make_make_set=yes
ac_cv_search_opendir='none required'
ac_cv_search_strerror='none required'
ac_cv_type_signal=void
am_cv_CC_dependencies_compiler_type=gcc3

## ----------------- ##
## Output variables. ##
## ----------------- ##

ACLOCAL='${SHELL} /home/jrotter/Dropbox/Chess/xboard/xboard-4.5.3a/missing --run aclocal-1.11'
AMDEPBACKSLASH='\'
AMDEP_FALSE='#'
AMDEP_TRUE=''
AMTAR='${SHELL} /home/jrotter/Dropbox/Chess/xboard/xboard-4.5.3a/missing --run tar'
AM_BACKSLASH='\'
AM_DEFAULT_VERBOSITY='0'
AUTOCONF='${SHELL} /home/jrotter/Dropbox/Chess/xboard/xboard-4.5.3a/missing --run autoconf'
AUTOHEADER='${SHELL} /home/jrotter/Dropbox/Chess/xboard/xboard-4.5.3a/missing --run autoheader'
AUTOMAKE='${SHELL} /home/jrotter/Dropbox/Chess/xboard/xboard-4.5.3a/missing --run automake-1.11'
AWK='gawk'
AWKPATH='/usr/bin/awk'
CC='gcc'
CCDEPMODE='depmode=gcc3'
CFLAGS=' '
CONF_CFLAGS=''
CONF_LDFLAGS=''
CPP='gcc -E'
CPPFLAGS='  -I/usr/include'
CYGPATH_W='echo'
DEFS='-DHAVE_CONFIG_H'
DEPDIR='.deps'
ECHO_C=''
ECHO_N='-n'
ECHO_T=''
EGREP='/usr/bin/grep -E'
EXEEXT=''
GREP='/usr/bin/grep'
INSTALL_DATA='${INSTALL} -m 644'
INSTALL_PROGRAM='${INSTALL}'
INSTALL_SCRIPT='${INSTALL}'
INSTALL_STRIP_PROGRAM='$(install_sh) -c -s'
LDFLAGS=''
LEX='/bin/sh /missing flex'
LEXLIB=''
LEX_OUTPUT_ROOT='lex.yy'
LIBOBJS=''
LIBS=''
LTLIBOBJS=''
MAKEINFO='${SHELL} /home/jrotter/Dropbox/Chess/xboard/xboard-4.5.3a/missing --run makeinfo'
MINFO='makeinfo'
MKDIR_P='/usr/bin/mkdir -p'
NROFF='nroff -man'
NROFFFLAGS=''
OBJEXT='o'
PACKAGE='xboard'
PACKAGE_BUGREPORT='bug-xboard@gnu.org'
PACKAGE_NAME='xboard'
PACKAGE_STRING='xboard 4.5.3a'
PACKAGE_TARNAME='xboard'
PACKAGE_URL=''
PACKAGE_VERSION='4.5.3a'
PATH_SEPARATOR=':'
PERLPATH='/usr/bin/perl'
POST_XMULIB=''
PRE_XMULIB=''
RSH='rsh'
SET_MAKE=''
SHELL='/bin/sh'
STRIP=''
VERSION='4.5.3a'
XAW_LIBS='-lXaw'
XMKMF=''
X_CFLAGS=' -I/usr/include'
X_EXTRA_LIBS=''
X_LIBS='-lXpm  -lSM -lICE  -L/usr/lib64  -lXmu -lX11 -lXt '
X_PRE_LIBS='-lXpm  -lSM -lICE'
ZIPPY_FALSE='#'
ZIPPY_TRUE=''
ac_ct_CC='gcc'
am__EXEEXT_FALSE=''
am__EXEEXT_TRUE='#'
am__fastdepCC_FALSE='#'
am__fastdepCC_TRUE=''
am__include='include'
am__isrc=''
am__leading_dot='.'
am__quote=''
am__tar='${AMTAR} chof - "$$tardir"'
am__untar='${AMTAR} xf -'
bindir='${exec_prefix}/bin'
build='x86_64-unknown-linux-gnu'
build_alias=''
build_cpu='x86_64'
build_os='linux-gnu'
build_vendor='unknown'
datadir='${datarootdir}'
datarootdir='${prefix}/share'
docdir='${datarootdir}/doc/${PACKAGE_TARNAME}'
dvidir='${docdir}'
exec_prefix='${prefix}'
host='x86_64-unknown-linux-gnu'
host_alias=''
host_cpu='x86_64'
host_os='linux-gnu'
host_vendor='unknown'
htmldir='${docdir}'
includedir='${prefix}/include'
infodir='${datarootdir}/info'
install_sh='${SHELL} /home/jrotter/Dropbox/Chess/xboard/xboard-4.5.3a/install-sh'
libdir='${exec_prefix}/lib'
libexecdir='${exec_prefix}/libexec'
localedir='${datarootdir}/locale'
localstatedir='${prefix}/var'
mandir='${datarootdir}/man'
mkdir_p='/usr/bin/mkdir -p'
oldincludedir='/usr/include'
pdfdir='${docdir}'
prefix='/usr/local'
program_transform_name='s,x,x,'
psdir='${docdir}'
sbindir='${exec_prefix}/sbin'
sharedstatedir='${prefix}/com'
sysconfdir='${prefix}/etc'
target_alias=''

## ----------- ##
## confdefs.h. ##
## ----------- ##

/* confdefs.h */
#define PACKAGE_NAME "xboard"
#define PACKAGE_TARNAME "xboard"
#define PACKAGE_VERSION "4.5.3a"
#define PACKAGE_STRING "xboard 4.5.3a"
#define PACKAGE_BUGREPORT "bug-xboard@gnu.org"
#define PACKAGE_URL ""
#define PACKAGE "xboard"
#define VERSION "4.5.3a"
#define REMOTE_SHELL "rsh"
#define STDC_HEADERS 1
#define TIME_WITH_SYS_TIME 1
#define HAVE_SYS_WAIT_H 1
#define HAVE_DIRENT_H 1
#define RETSIGTYPE void
#define HAVE_SYS_TYPES_H 1
#define HAVE_SYS_STAT_H 1
#define HAVE_STDLIB_H 1
#define HAVE_STRING_H 1
#define HAVE_MEMORY_H 1
#define HAVE_STRINGS_H 1
#define HAVE_INTTYPES_H 1
#define HAVE_STDINT_H 1
#define HAVE_UNISTD_H 1
#define HAVE_SYS_TIME_H 1
#define HAVE_STRING_H 1
#define HAVE_UNISTD_H 1
#define HAVE_FCNTL_H 1
#define HAVE_SYS_SOCKET_H 1
#define HAVE_GRANTPT 1
#define HAVE_SETITIMER 1
#define HAVE_USLEEP 1
#define HAVE_GETTIMEOFDAY 1
#define HAVE_RANDOM 1
#define HAVE_GETHOSTNAME 1
#define HAVE_X11_XPM_H 1
#define HAVE_LIBXPM 1
#define USE_PTYS 0
#define ZIPPY 0
#define ZIPPY 1
#define ATTENTION 1

configure: exit 0
